TN:
SF:index.js
FN:7,(anonymous_0)
FNF:1
FNH:1
FNDA:1,(anonymous_0)
DA:1,1
DA:2,1
DA:3,1
DA:4,1
DA:5,1
DA:7,1
DA:9,1
DA:12,1
DA:13,1
DA:16,1
DA:19,1
DA:21,1
DA:22,1
DA:24,1
DA:25,1
LF:15
LH:15
BRF:0
BRH:0
end_of_record
TN:
SF:controllers/RecipesController.js
FN:5,(anonymous_0)
FN:22,(anonymous_1)
FN:75,(anonymous_2)
FN:101,(anonymous_3)
FN:154,(anonymous_4)
FNF:5
FNH:0
FNDA:0,(anonymous_0)
FNDA:0,(anonymous_1)
FNDA:0,(anonymous_2)
FNDA:0,(anonymous_3)
FNDA:0,(anonymous_4)
DA:1,1
DA:3,1
DA:6,0
DA:7,0
DA:9,0
DA:14,0
DA:23,0
DA:24,0
DA:28,0
DA:31,0
DA:32,0
DA:38,0
DA:39,0
DA:46,0
DA:47,0
DA:53,0
DA:60,0
DA:62,0
DA:67,0
DA:76,0
DA:77,0
DA:80,0
DA:81,0
DA:82,0
DA:88,0
DA:93,0
DA:102,0
DA:103,0
DA:105,0
DA:106,0
DA:113,0
DA:114,0
DA:120,0
DA:121,0
DA:127,0
DA:130,0
DA:131,0
DA:132,0
DA:138,0
DA:140,0
DA:141,0
DA:146,0
DA:155,0
DA:157,0
DA:160,0
DA:162,0
DA:167,0
DA:175,1
LF:48
LH:3
BRDA:31,0,0,0
BRDA:31,0,1,0
BRDA:38,1,0,0
BRDA:38,1,1,0
BRDA:46,2,0,0
BRDA:46,2,1,0
BRDA:46,3,0,0
BRDA:46,3,1,0
BRDA:46,3,2,0
BRDA:81,4,0,0
BRDA:81,4,1,0
BRDA:105,5,0,0
BRDA:105,5,1,0
BRDA:113,6,0,0
BRDA:113,6,1,0
BRDA:113,7,0,0
BRDA:113,7,1,0
BRDA:113,7,2,0
BRDA:113,7,3,0
BRDA:120,8,0,0
BRDA:120,8,1,0
BRDA:120,9,0,0
BRDA:120,9,1,0
BRDA:131,10,0,0
BRDA:131,10,1,0
BRF:25
BRH:0
end_of_record
TN:
SF:controllers/UsersController.js
FN:6,generateToken
FN:10,(anonymous_1)
FNF:2
FNH:2
FNDA:1,generateToken
FNDA:5,(anonymous_1)
DA:1,1
DA:2,1
DA:4,1
DA:6,1
DA:8,1
DA:11,5
DA:12,5
DA:13,2
DA:19,3
DA:20,3
DA:21,1
DA:27,2
DA:28,2
DA:29,1
DA:35,1
DA:41,1
DA:42,1
DA:48,0
DA:56,1
LF:19
LH:18
BRDA:12,0,0,2
BRDA:12,0,1,3
BRDA:12,1,0,5
BRDA:12,1,1,4
BRDA:20,2,0,1
BRDA:20,2,1,2
BRDA:28,3,0,1
BRDA:28,3,1,1
BRF:8
BRH:8
end_of_record
TN:
SF:database/dbConection.js
FNF:0
FNH:0
DA:1,1
DA:2,1
DA:5,1
DA:15,1
LF:4
LH:4
BRF:0
BRH:0
end_of_record
TN:
SF:database/models/recipes.js
FNF:0
FNH:0
DA:1,1
DA:3,1
DA:5,1
DA:28,1
DA:31,1
LF:5
LH:5
BRF:0
BRH:0
end_of_record
TN:
SF:database/models/users.js
FNF:0
FNH:0
DA:1,1
DA:3,1
DA:5,1
DA:18,1
DA:21,1
LF:5
LH:5
BRF:0
BRH:0
end_of_record
TN:
SF:database/services/recipes.js
FN:5,(anonymous_0)
FN:10,(anonymous_1)
FN:15,(anonymous_2)
FN:23,(anonymous_3)
FN:28,(anonymous_4)
FNF:5
FNH:0
FNDA:0,(anonymous_0)
FNDA:0,(anonymous_1)
FNDA:0,(anonymous_2)
FNDA:0,(anonymous_3)
FNDA:0,(anonymous_4)
DA:1,1
DA:3,1
DA:6,0
DA:7,0
DA:11,0
DA:12,0
DA:16,0
DA:17,0
DA:18,0
DA:24,0
DA:25,0
DA:29,0
DA:30,0
DA:34,1
LF:14
LH:3
BRF:0
BRH:0
end_of_record
TN:
SF:database/services/users.js
FN:4,(anonymous_0)
FNF:1
FNH:1
FNDA:3,(anonymous_0)
DA:1,1
DA:3,1
DA:5,3
DA:6,3
DA:7,1
DA:9,2
DA:13,1
LF:7
LH:7
BRDA:6,0,0,1
BRDA:6,0,1,2
BRF:2
BRH:2
end_of_record
TN:
SF:routes/authenticateToken.js
FN:4,authenticateToken
FN:8,(anonymous_1)
FNF:2
FNH:0
FNDA:0,authenticateToken
FNDA:0,(anonymous_1)
DA:2,1
DA:5,0
DA:6,0
DA:8,0
DA:9,0
DA:10,0
DA:14,0
DA:15,0
DA:18,1
LF:9
LH:2
BRDA:6,0,0,0
BRDA:6,0,1,0
BRDA:9,1,0,0
BRDA:9,1,1,0
BRF:4
BRH:0
end_of_record
TN:
SF:routes/index.js
FNF:0
FNH:0
DA:1,1
DA:3,1
DA:5,1
DA:6,1
DA:7,1
DA:10,1
DA:13,1
DA:14,1
DA:15,1
DA:16,1
DA:17,1
DA:19,1
LF:12
LH:12
BRF:0
BRH:0
end_of_record
